<?xml version="1.0" encoding="UTF-8"?>
<testng-results ignored="0" total="5" passed="5" failed="0" skipped="0">
  <reporter-output>
  </reporter-output>
  <suite started-at="2023-05-07T22:28:52 IST" name="Default suite" finished-at="2023-05-07T22:29:00 IST" duration-ms="8857">
    <groups>
    </groups>
    <test started-at="2023-05-07T22:28:52 IST" name="Default test" finished-at="2023-05-07T22:29:00 IST" duration-ms="8857">
      <class name="checking.checking">
        <test-method is-config="true" signature="run()[pri:0, instance:checking.checking@1e1a0406]" started-at="2023-05-07T22:28:52 IST" name="run" finished-at="2023-05-07T22:28:54 IST" duration-ms="2582" status="PASS">
          <reporter-output>
          </reporter-output>
        </test-method> <!-- run -->
        <test-method signature="maa(java.lang.String)[pri:0, instance:checking.checking@1e1a0406]" started-at="2023-05-07T22:28:56 IST" name="maa" data-provider="RepositoryName" finished-at="2023-05-07T22:28:57 IST" duration-ms="1213" status="PASS">
          <params>
            <param index="0">
              <value>
                <![CDATA[sample40]]>
              </value>
            </param>
          </params>
          <reporter-output>
          </reporter-output>
        </test-method> <!-- maa -->
        <test-method signature="maa(java.lang.String)[pri:0, instance:checking.checking@1e1a0406]" started-at="2023-05-07T22:28:57 IST" name="maa" data-provider="RepositoryName" finished-at="2023-05-07T22:28:58 IST" duration-ms="1135" status="PASS">
          <params>
            <param index="0">
              <value>
                <![CDATA[sample50]]>
              </value>
            </param>
          </params>
          <reporter-output>
          </reporter-output>
        </test-method> <!-- maa -->
        <test-method signature="maa(java.lang.String)[pri:0, instance:checking.checking@1e1a0406]" started-at="2023-05-07T22:28:58 IST" name="maa" data-provider="RepositoryName" finished-at="2023-05-07T22:28:59 IST" duration-ms="770" status="PASS">
          <params>
            <param index="0">
              <value>
                <![CDATA[sample60]]>
              </value>
            </param>
          </params>
          <reporter-output>
          </reporter-output>
        </test-method> <!-- maa -->
        <test-method signature="maa(java.lang.String)[pri:0, instance:checking.checking@1e1a0406]" started-at="2023-05-07T22:28:59 IST" name="maa" data-provider="RepositoryName" finished-at="2023-05-07T22:29:00 IST" duration-ms="884" status="PASS">
          <params>
            <param index="0">
              <value>
                <![CDATA[sample70]]>
              </value>
            </param>
          </params>
          <reporter-output>
          </reporter-output>
        </test-method> <!-- maa -->
        <test-method signature="maa(java.lang.String)[pri:0, instance:checking.checking@1e1a0406]" started-at="2023-05-07T22:29:00 IST" name="maa" data-provider="RepositoryName" finished-at="2023-05-07T22:29:00 IST" duration-ms="789" status="PASS">
          <params>
            <param index="0">
              <value>
                <![CDATA[sample80]]>
              </value>
            </param>
          </params>
          <reporter-output>
          </reporter-output>
        </test-method> <!-- maa -->
      </class> <!-- checking.checking -->
    </test> <!-- Default test -->
  </suite> <!-- Default suite -->
</testng-results>
