<?xml version="1.0" encoding="UTF-8"?>
<!-- Generated by org.testng.reporters.JUnitXMLReporter -->
<testsuite ignored="0" hostname="BLR2-5CG1327HQ2" failures="0" tests="5" name="Default test" time="8.857" errors="0" timestamp="2023-05-07T22:29:01 IST">
  <testcase classname="checking.checking" name="maa" time="1.213"/>
  <testcase classname="checking.checking" name="maa" time="1.135"/>
  <testcase classname="checking.checking" name="maa" time="0.77"/>
  <testcase classname="checking.checking" name="maa" time="0.884"/>
  <testcase classname="checking.checking" name="maa" time="0.789"/>
</testsuite> <!-- Default test -->
