<?xml version="1.0" encoding="UTF-8"?>
<!-- Generated by org.testng.reporters.JUnitXMLReporter -->
<testsuite ignored="0" hostname="BLR2-5CG1327HQ2" failures="0" tests="4" name="Test" time="0.059" errors="0" timestamp="2023-04-08T19:37:32 IST">
  <testcase classname="TestNgPractice.vw" name="hi" time="0.012"/>
  <testcase classname="TestNgPractice.vw" name="hi" time="0.001"/>
  <testcase classname="TestNgPractice.vw" name="hi" time="0.001"/>
  <testcase classname="TestNgPractice.vw" name="hi1" time="0.001"/>
</testsuite> <!-- Test -->
